<?xml version="1.0" encoding="UTF-8"?>
<testsuite xmlns:xsi="http://www.w3.org/2001/XMLSchema-instance" xsi:noNamespaceSchemaLocation="https://maven.apache.org/surefire/maven-surefire-plugin/xsd/surefire-test-report-3.0.xsd" version="3.0" name="runner.Executa" time="1.753" tests="3" errors="3" skipped="0" failures="0">
  <properties>
    <property name="java.specification.version" value="17"/>
    <property name="sun.cpu.isalist" value="amd64"/>
    <property name="sun.jnu.encoding" value="Cp1252"/>
    <property name="java.class.path" value="C:\Users\Hp\IdeaProjects\saucedemoIntellijBDD\target\test-classes;C:\Users\Hp\IdeaProjects\saucedemoIntellijBDD\target\classes;C:\Users\Hp\.m2\repository\io\cucumber\cucumber-java\7.21.1\cucumber-java-7.21.1.jar;C:\Users\Hp\.m2\repository\io\cucumber\cucumber-core\7.21.1\cucumber-core-7.21.1.jar;C:\Users\Hp\.m2\repository\io\cucumber\cucumber-gherkin\7.21.1\cucumber-gherkin-7.21.1.jar;C:\Users\Hp\.m2\repository\io\cucumber\cucumber-gherkin-messages\7.21.1\cucumber-gherkin-messages-7.21.1.jar;C:\Users\Hp\.m2\repository\io\cucumber\gherkin\31.0.0\gherkin-31.0.0.jar;C:\Users\Hp\.m2\repository\io\cucumber\messages\27.2.0\messages-27.2.0.jar;C:\Users\Hp\.m2\repository\io\cucumber\testng-xml-formatter\0.3.1\testng-xml-formatter-0.3.1.jar;C:\Users\Hp\.m2\repository\io\cucumber\query\13.2.0\query-13.2.0.jar;C:\Users\Hp\.m2\repository\io\cucumber\tag-expressions\6.1.2\tag-expressions-6.1.2.jar;C:\Users\Hp\.m2\repository\io\cucumber\cucumber-expressions\18.0.1\cucumber-expressions-18.0.1.jar;C:\Users\Hp\.m2\repository\io\cucumber\datatable\7.21.1\datatable-7.21.1.jar;C:\Users\Hp\.m2\repository\io\cucumber\cucumber-plugin\7.21.1\cucumber-plugin-7.21.1.jar;C:\Users\Hp\.m2\repository\io\cucumber\docstring\7.21.1\docstring-7.21.1.jar;C:\Users\Hp\.m2\repository\io\cucumber\html-formatter\21.9.0\html-formatter-21.9.0.jar;C:\Users\Hp\.m2\repository\io\cucumber\junit-xml-formatter\0.7.1\junit-xml-formatter-0.7.1.jar;C:\Users\Hp\.m2\repository\io\cucumber\ci-environment\10.0.1\ci-environment-10.0.1.jar;C:\Users\Hp\.m2\repository\org\apiguardian\apiguardian-api\1.1.2\apiguardian-api-1.1.2.jar;C:\Users\Hp\.m2\repository\io\cucumber\cucumber-junit\7.21.1\cucumber-junit-7.21.1.jar;C:\Users\Hp\.m2\repository\junit\junit\4.13.2\junit-4.13.2.jar;C:\Users\Hp\.m2\repository\org\hamcrest\hamcrest-core\1.3\hamcrest-core-1.3.jar;C:\Users\Hp\.m2\repository\org\seleniumhq\selenium\selenium-java\4.29.0\selenium-java-4.29.0.jar;C:\Users\Hp\.m2\repository\org\seleniumhq\selenium\selenium-api\4.29.0\selenium-api-4.29.0.jar;C:\Users\Hp\.m2\repository\org\jspecify\jspecify\1.0.0\jspecify-1.0.0.jar;C:\Users\Hp\.m2\repository\org\seleniumhq\selenium\selenium-chrome-driver\4.29.0\selenium-chrome-driver-4.29.0.jar;C:\Users\Hp\.m2\repository\com\google\auto\service\auto-service-annotations\1.1.1\auto-service-annotations-1.1.1.jar;C:\Users\Hp\.m2\repository\org\seleniumhq\selenium\selenium-chromium-driver\4.29.0\selenium-chromium-driver-4.29.0.jar;C:\Users\Hp\.m2\repository\org\seleniumhq\selenium\selenium-json\4.29.0\selenium-json-4.29.0.jar;C:\Users\Hp\.m2\repository\org\seleniumhq\selenium\selenium-manager\4.29.0\selenium-manager-4.29.0.jar;C:\Users\Hp\.m2\repository\org\seleniumhq\selenium\selenium-devtools-v131\4.29.0\selenium-devtools-v131-4.29.0.jar;C:\Users\Hp\.m2\repository\org\seleniumhq\selenium\selenium-devtools-v132\4.29.0\selenium-devtools-v132-4.29.0.jar;C:\Users\Hp\.m2\repository\org\seleniumhq\selenium\selenium-devtools-v133\4.29.0\selenium-devtools-v133-4.29.0.jar;C:\Users\Hp\.m2\repository\org\seleniumhq\selenium\selenium-devtools-v85\4.29.0\selenium-devtools-v85-4.29.0.jar;C:\Users\Hp\.m2\repository\org\seleniumhq\selenium\selenium-edge-driver\4.29.0\selenium-edge-driver-4.29.0.jar;C:\Users\Hp\.m2\repository\org\seleniumhq\selenium\selenium-firefox-driver\4.29.0\selenium-firefox-driver-4.29.0.jar;C:\Users\Hp\.m2\repository\org\seleniumhq\selenium\selenium-http\4.29.0\selenium-http-4.29.0.jar;C:\Users\Hp\.m2\repository\org\seleniumhq\selenium\selenium-ie-driver\4.29.0\selenium-ie-driver-4.29.0.jar;C:\Users\Hp\.m2\repository\org\seleniumhq\selenium\selenium-remote-driver\4.29.0\selenium-remote-driver-4.29.0.jar;C:\Users\Hp\.m2\repository\com\google\guava\guava\33.4.0-jre\guava-33.4.0-jre.jar;C:\Users\Hp\.m2\repository\com\google\guava\failureaccess\1.0.2\failureaccess-1.0.2.jar;C:\Users\Hp\.m2\repository\com\google\guava\listenablefuture\9999.0-empty-to-avoid-conflict-with-guava\listenablefuture-9999.0-empty-to-avoid-conflict-with-guava.jar;C:\Users\Hp\.m2\repository\com\google\code\findbugs\jsr305\3.0.2\jsr305-3.0.2.jar;C:\Users\Hp\.m2\repository\org\checkerframework\checker-qual\3.43.0\checker-qual-3.43.0.jar;C:\Users\Hp\.m2\repository\com\google\errorprone\error_prone_annotations\2.36.0\error_prone_annotations-2.36.0.jar;C:\Users\Hp\.m2\repository\com\google\j2objc\j2objc-annotations\3.0.0\j2objc-annotations-3.0.0.jar;C:\Users\Hp\.m2\repository\io\opentelemetry\semconv\opentelemetry-semconv\1.28.0-alpha\opentelemetry-semconv-1.28.0-alpha.jar;C:\Users\Hp\.m2\repository\io\opentelemetry\opentelemetry-api\1.46.0\opentelemetry-api-1.46.0.jar;C:\Users\Hp\.m2\repository\io\opentelemetry\opentelemetry-context\1.46.0\opentelemetry-context-1.46.0.jar;C:\Users\Hp\.m2\repository\io\opentelemetry\opentelemetry-exporter-logging\1.46.0\opentelemetry-exporter-logging-1.46.0.jar;C:\Users\Hp\.m2\repository\io\opentelemetry\opentelemetry-sdk-common\1.46.0\opentelemetry-sdk-common-1.46.0.jar;C:\Users\Hp\.m2\repository\io\opentelemetry\opentelemetry-sdk-extension-autoconfigure-spi\1.46.0\opentelemetry-sdk-extension-autoconfigure-spi-1.46.0.jar;C:\Users\Hp\.m2\repository\io\opentelemetry\opentelemetry-sdk-extension-autoconfigure\1.46.0\opentelemetry-sdk-extension-autoconfigure-1.46.0.jar;C:\Users\Hp\.m2\repository\io\opentelemetry\opentelemetry-api-incubator\1.46.0-alpha\opentelemetry-api-incubator-1.46.0-alpha.jar;C:\Users\Hp\.m2\repository\io\opentelemetry\opentelemetry-sdk-trace\1.46.0\opentelemetry-sdk-trace-1.46.0.jar;C:\Users\Hp\.m2\repository\io\opentelemetry\opentelemetry-sdk\1.46.0\opentelemetry-sdk-1.46.0.jar;C:\Users\Hp\.m2\repository\io\opentelemetry\opentelemetry-sdk-metrics\1.46.0\opentelemetry-sdk-metrics-1.46.0.jar;C:\Users\Hp\.m2\repository\io\opentelemetry\opentelemetry-sdk-logs\1.46.0\opentelemetry-sdk-logs-1.46.0.jar;C:\Users\Hp\.m2\repository\net\bytebuddy\byte-buddy\1.15.11\byte-buddy-1.15.11.jar;C:\Users\Hp\.m2\repository\org\seleniumhq\selenium\selenium-os\4.29.0\selenium-os-4.29.0.jar;C:\Users\Hp\.m2\repository\org\apache\commons\commons-exec\1.4.0\commons-exec-1.4.0.jar;C:\Users\Hp\.m2\repository\org\seleniumhq\selenium\selenium-safari-driver\4.29.0\selenium-safari-driver-4.29.0.jar;C:\Users\Hp\.m2\repository\org\seleniumhq\selenium\selenium-support\4.29.0\selenium-support-4.29.0.jar;"/>
    <property name="java.vm.vendor" value="Oracle Corporation"/>
    <property name="sun.arch.data.model" value="64"/>
    <property name="user.variant" value=""/>
    <property name="java.vendor.url" value="https://java.oracle.com/"/>
    <property name="user.timezone" value="America/Sao_Paulo"/>
    <property name="os.name" value="Windows 10"/>
    <property name="java.vm.specification.version" value="17"/>
    <property name="sun.java.launcher" value="SUN_STANDARD"/>
    <property name="user.country" value="BR"/>
    <property name="sun.boot.library.path" value="C:\Program Files\Java\jdk-17\bin"/>
    <property name="sun.java.command" value="C:\Users\Hp\AppData\Local\Temp\surefire2514511519834593548\surefirebooter-20250310210930785_3.jar C:\Users\Hp\AppData\Local\Temp\surefire2514511519834593548 2025-03-10T21-09-27_978-jvmRun1 surefire-20250310210930785_1tmp surefire_0-20250310210930785_2tmp"/>
    <property name="jdk.debug" value="release"/>
    <property name="test" value="Executa"/>
    <property name="surefire.test.class.path" value="C:\Users\Hp\IdeaProjects\saucedemoIntellijBDD\target\test-classes;C:\Users\Hp\IdeaProjects\saucedemoIntellijBDD\target\classes;C:\Users\Hp\.m2\repository\io\cucumber\cucumber-java\7.21.1\cucumber-java-7.21.1.jar;C:\Users\Hp\.m2\repository\io\cucumber\cucumber-core\7.21.1\cucumber-core-7.21.1.jar;C:\Users\Hp\.m2\repository\io\cucumber\cucumber-gherkin\7.21.1\cucumber-gherkin-7.21.1.jar;C:\Users\Hp\.m2\repository\io\cucumber\cucumber-gherkin-messages\7.21.1\cucumber-gherkin-messages-7.21.1.jar;C:\Users\Hp\.m2\repository\io\cucumber\gherkin\31.0.0\gherkin-31.0.0.jar;C:\Users\Hp\.m2\repository\io\cucumber\messages\27.2.0\messages-27.2.0.jar;C:\Users\Hp\.m2\repository\io\cucumber\testng-xml-formatter\0.3.1\testng-xml-formatter-0.3.1.jar;C:\Users\Hp\.m2\repository\io\cucumber\query\13.2.0\query-13.2.0.jar;C:\Users\Hp\.m2\repository\io\cucumber\tag-expressions\6.1.2\tag-expressions-6.1.2.jar;C:\Users\Hp\.m2\repository\io\cucumber\cucumber-expressions\18.0.1\cucumber-expressions-18.0.1.jar;C:\Users\Hp\.m2\repository\io\cucumber\datatable\7.21.1\datatable-7.21.1.jar;C:\Users\Hp\.m2\repository\io\cucumber\cucumber-plugin\7.21.1\cucumber-plugin-7.21.1.jar;C:\Users\Hp\.m2\repository\io\cucumber\docstring\7.21.1\docstring-7.21.1.jar;C:\Users\Hp\.m2\repository\io\cucumber\html-formatter\21.9.0\html-formatter-21.9.0.jar;C:\Users\Hp\.m2\repository\io\cucumber\junit-xml-formatter\0.7.1\junit-xml-formatter-0.7.1.jar;C:\Users\Hp\.m2\repository\io\cucumber\ci-environment\10.0.1\ci-environment-10.0.1.jar;C:\Users\Hp\.m2\repository\org\apiguardian\apiguardian-api\1.1.2\apiguardian-api-1.1.2.jar;C:\Users\Hp\.m2\repository\io\cucumber\cucumber-junit\7.21.1\cucumber-junit-7.21.1.jar;C:\Users\Hp\.m2\repository\junit\junit\4.13.2\junit-4.13.2.jar;C:\Users\Hp\.m2\repository\org\hamcrest\hamcrest-core\1.3\hamcrest-core-1.3.jar;C:\Users\Hp\.m2\repository\org\seleniumhq\selenium\selenium-java\4.29.0\selenium-java-4.29.0.jar;C:\Users\Hp\.m2\repository\org\seleniumhq\selenium\selenium-api\4.29.0\selenium-api-4.29.0.jar;C:\Users\Hp\.m2\repository\org\jspecify\jspecify\1.0.0\jspecify-1.0.0.jar;C:\Users\Hp\.m2\repository\org\seleniumhq\selenium\selenium-chrome-driver\4.29.0\selenium-chrome-driver-4.29.0.jar;C:\Users\Hp\.m2\repository\com\google\auto\service\auto-service-annotations\1.1.1\auto-service-annotations-1.1.1.jar;C:\Users\Hp\.m2\repository\org\seleniumhq\selenium\selenium-chromium-driver\4.29.0\selenium-chromium-driver-4.29.0.jar;C:\Users\Hp\.m2\repository\org\seleniumhq\selenium\selenium-json\4.29.0\selenium-json-4.29.0.jar;C:\Users\Hp\.m2\repository\org\seleniumhq\selenium\selenium-manager\4.29.0\selenium-manager-4.29.0.jar;C:\Users\Hp\.m2\repository\org\seleniumhq\selenium\selenium-devtools-v131\4.29.0\selenium-devtools-v131-4.29.0.jar;C:\Users\Hp\.m2\repository\org\seleniumhq\selenium\selenium-devtools-v132\4.29.0\selenium-devtools-v132-4.29.0.jar;C:\Users\Hp\.m2\repository\org\seleniumhq\selenium\selenium-devtools-v133\4.29.0\selenium-devtools-v133-4.29.0.jar;C:\Users\Hp\.m2\repository\org\seleniumhq\selenium\selenium-devtools-v85\4.29.0\selenium-devtools-v85-4.29.0.jar;C:\Users\Hp\.m2\repository\org\seleniumhq\selenium\selenium-edge-driver\4.29.0\selenium-edge-driver-4.29.0.jar;C:\Users\Hp\.m2\repository\org\seleniumhq\selenium\selenium-firefox-driver\4.29.0\selenium-firefox-driver-4.29.0.jar;C:\Users\Hp\.m2\repository\org\seleniumhq\selenium\selenium-http\4.29.0\selenium-http-4.29.0.jar;C:\Users\Hp\.m2\repository\org\seleniumhq\selenium\selenium-ie-driver\4.29.0\selenium-ie-driver-4.29.0.jar;C:\Users\Hp\.m2\repository\org\seleniumhq\selenium\selenium-remote-driver\4.29.0\selenium-remote-driver-4.29.0.jar;C:\Users\Hp\.m2\repository\com\google\guava\guava\33.4.0-jre\guava-33.4.0-jre.jar;C:\Users\Hp\.m2\repository\com\google\guava\failureaccess\1.0.2\failureaccess-1.0.2.jar;C:\Users\Hp\.m2\repository\com\google\guava\listenablefuture\9999.0-empty-to-avoid-conflict-with-guava\listenablefuture-9999.0-empty-to-avoid-conflict-with-guava.jar;C:\Users\Hp\.m2\repository\com\google\code\findbugs\jsr305\3.0.2\jsr305-3.0.2.jar;C:\Users\Hp\.m2\repository\org\checkerframework\checker-qual\3.43.0\checker-qual-3.43.0.jar;C:\Users\Hp\.m2\repository\com\google\errorprone\error_prone_annotations\2.36.0\error_prone_annotations-2.36.0.jar;C:\Users\Hp\.m2\repository\com\google\j2objc\j2objc-annotations\3.0.0\j2objc-annotations-3.0.0.jar;C:\Users\Hp\.m2\repository\io\opentelemetry\semconv\opentelemetry-semconv\1.28.0-alpha\opentelemetry-semconv-1.28.0-alpha.jar;C:\Users\Hp\.m2\repository\io\opentelemetry\opentelemetry-api\1.46.0\opentelemetry-api-1.46.0.jar;C:\Users\Hp\.m2\repository\io\opentelemetry\opentelemetry-context\1.46.0\opentelemetry-context-1.46.0.jar;C:\Users\Hp\.m2\repository\io\opentelemetry\opentelemetry-exporter-logging\1.46.0\opentelemetry-exporter-logging-1.46.0.jar;C:\Users\Hp\.m2\repository\io\opentelemetry\opentelemetry-sdk-common\1.46.0\opentelemetry-sdk-common-1.46.0.jar;C:\Users\Hp\.m2\repository\io\opentelemetry\opentelemetry-sdk-extension-autoconfigure-spi\1.46.0\opentelemetry-sdk-extension-autoconfigure-spi-1.46.0.jar;C:\Users\Hp\.m2\repository\io\opentelemetry\opentelemetry-sdk-extension-autoconfigure\1.46.0\opentelemetry-sdk-extension-autoconfigure-1.46.0.jar;C:\Users\Hp\.m2\repository\io\opentelemetry\opentelemetry-api-incubator\1.46.0-alpha\opentelemetry-api-incubator-1.46.0-alpha.jar;C:\Users\Hp\.m2\repository\io\opentelemetry\opentelemetry-sdk-trace\1.46.0\opentelemetry-sdk-trace-1.46.0.jar;C:\Users\Hp\.m2\repository\io\opentelemetry\opentelemetry-sdk\1.46.0\opentelemetry-sdk-1.46.0.jar;C:\Users\Hp\.m2\repository\io\opentelemetry\opentelemetry-sdk-metrics\1.46.0\opentelemetry-sdk-metrics-1.46.0.jar;C:\Users\Hp\.m2\repository\io\opentelemetry\opentelemetry-sdk-logs\1.46.0\opentelemetry-sdk-logs-1.46.0.jar;C:\Users\Hp\.m2\repository\net\bytebuddy\byte-buddy\1.15.11\byte-buddy-1.15.11.jar;C:\Users\Hp\.m2\repository\org\seleniumhq\selenium\selenium-os\4.29.0\selenium-os-4.29.0.jar;C:\Users\Hp\.m2\repository\org\apache\commons\commons-exec\1.4.0\commons-exec-1.4.0.jar;C:\Users\Hp\.m2\repository\org\seleniumhq\selenium\selenium-safari-driver\4.29.0\selenium-safari-driver-4.29.0.jar;C:\Users\Hp\.m2\repository\org\seleniumhq\selenium\selenium-support\4.29.0\selenium-support-4.29.0.jar;"/>
    <property name="sun.cpu.endian" value="little"/>
    <property name="user.home" value="C:\Users\Hp"/>
    <property name="user.language" value="pt"/>
    <property name="java.specification.vendor" value="Oracle Corporation"/>
    <property name="java.version.date" value="2024-04-16"/>
    <property name="java.home" value="C:\Program Files\Java\jdk-17"/>
    <property name="file.separator" value="\"/>
    <property name="basedir" value="C:\Users\Hp\IdeaProjects\saucedemoIntellijBDD"/>
    <property name="java.vm.compressedOopsMode" value="Zero based"/>
    <property name="line.separator" value="&#10;"/>
    <property name="java.vm.specification.vendor" value="Oracle Corporation"/>
    <property name="java.specification.name" value="Java Platform API Specification"/>
    <property name="surefire.real.class.path" value="C:\Users\Hp\AppData\Local\Temp\surefire2514511519834593548\surefirebooter-20250310210930785_3.jar"/>
    <property name="user.script" value=""/>
    <property name="sun.management.compiler" value="HotSpot 64-Bit Tiered Compilers"/>
    <property name="java.runtime.version" value="17.0.11+7-LTS-207"/>
    <property name="user.name" value="Hp"/>
    <property name="path.separator" value=";"/>
    <property name="os.version" value="10.0"/>
    <property name="java.runtime.name" value="Java(TM) SE Runtime Environment"/>
    <property name="file.encoding" value="Cp1252"/>
    <property name="java.vm.name" value="Java HotSpot(TM) 64-Bit Server VM"/>
    <property name="localRepository" value="C:\Users\Hp\.m2\repository"/>
    <property name="java.vendor.url.bug" value="https://bugreport.java.com/bugreport/"/>
    <property name="java.io.tmpdir" value="C:\Users\Hp\AppData\Local\Temp\"/>
    <property name="java.version" value="17.0.11"/>
    <property name="user.dir" value="C:\Users\Hp\IdeaProjects\saucedemoIntellijBDD"/>
    <property name="os.arch" value="amd64"/>
    <property name="java.vm.specification.name" value="Java Virtual Machine Specification"/>
    <property name="sun.os.patch.level" value=""/>
    <property name="native.encoding" value="Cp1252"/>
    <property name="java.library.path" value="C:\Program Files\Java\jdk-17\bin;C:\Windows\Sun\Java\bin;C:\Windows\system32;C:\Windows;C:\Program Files\Common Files\Oracle\Java\javapath;C:\Windows\system32;C:\Windows;C:\Windows\System32\Wbem;C:\Windows\System32\WindowsPowerShell\v1.0\;C:\Windows\System32\OpenSSH\;C:\Program Files (x86)\ATI Technologies\ATI.ACE\Core-Static;C:\Program Files\Git\cmd;C:\Program Files\Java\jdk-17\bin;C:\Program Files\apache-maven-3.9.6\bin;C:\Program Files\MySQL\MySQL Server 8.0.36\bin;C:\Program Files\nodejs\;C:\ProgramData\chocolatey\bin;C:\Program Files\dotnet\;C:\Users\Hp\AppData\Local\Programs\Python\Python312\Scripts\;C:\Users\Hp\AppData\Local\Programs\Python\Python312\;C:\Users\Hp\AppData\Local\Programs\Python\Launcher\;C:\Program Files\MySQL\MySQL Shell 8.0\bin\;C:\Users\Hp\AppData\Local\Microsoft\WindowsApps;C:\Users\Hp\AppData\Local\Programs\Microsoft VS Code\bin;C:\apache-maven-3.9.6\bin;C:\Users\Hp\AppData\Roaming\npm;C:\Program Files\JetBrains\IntelliJ IDEA Community Edition 2024.3.3\bin;;."/>
    <property name="java.vm.info" value="mixed mode, sharing"/>
    <property name="java.vendor" value="Oracle Corporation"/>
    <property name="java.vm.version" value="17.0.11+7-LTS-207"/>
    <property name="sun.io.unicode.encoding" value="UnicodeLittle"/>
    <property name="java.class.version" value="61.0"/>
  </properties>
  <testcase name="Realizar login com sucesso" classname="Acessar site" time="0.247">
    <error message="The step &apos;acesse o site do sauce demo&apos; and 3 other step(s) are undefined.&#10;You can implement these steps using the snippet(s) below:&#10;&#10;@Given(&quot;acesse o site do sauce demo&quot;)&#10;public void acesseOSiteDoSauceDemo() {&#10;    // Write code here that turns the phrase above into concrete actions&#10;    throw new io.cucumber.java.PendingException();&#10;}&#10;@When(&quot;preencher dados válidos&quot;)&#10;public void preencherDadosVálidos() {&#10;    // Write code here that turns the phrase above into concrete actions&#10;    throw new io.cucumber.java.PendingException();&#10;}&#10;@When(&quot;clicar no botão login&quot;)&#10;public void clicarNoBotãoLogin() {&#10;    // Write code here that turns the phrase above into concrete actions&#10;    throw new io.cucumber.java.PendingException();&#10;}&#10;@Then(&quot;logado com sucesso&quot;)&#10;public void logadoComSucesso() {&#10;    // Write code here that turns the phrase above into concrete actions&#10;    throw new io.cucumber.java.PendingException();&#10;}&#10;" type="io.cucumber.junit.UndefinedStepException"><![CDATA[io.cucumber.junit.UndefinedStepException: 
The step 'acesse o site do sauce demo' and 3 other step(s) are undefined.
You can implement these steps using the snippet(s) below:

@Given("acesse o site do sauce demo")
public void acesseOSiteDoSauceDemo() {
    // Write code here that turns the phrase above into concrete actions
    throw new io.cucumber.java.PendingException();
}
@When("preencher dados válidos")
public void preencherDadosVálidos() {
    // Write code here that turns the phrase above into concrete actions
    throw new io.cucumber.java.PendingException();
}
@When("clicar no botão login")
public void clicarNoBotãoLogin() {
    // Write code here that turns the phrase above into concrete actions
    throw new io.cucumber.java.PendingException();
}
@Then("logado com sucesso")
public void logadoComSucesso() {
    // Write code here that turns the phrase above into concrete actions
    throw new io.cucumber.java.PendingException();
}

]]></error>
    <system-out><![CDATA[
@Login @positivo
Scenario: Realizar login com sucesso &amp#27;[90m# src/test/resources/features/login.feature:12&amp#27;[0m
  &amp#27;[33mGiven &amp#27;[0m&amp#27;[33macesse o site do sauce demo&amp#27;[0m
  &amp#27;[36mWhen &amp#27;[0m&amp#27;[36mpreencher dados vÃ¡lidos&amp#27;[0m
  &amp#27;[36mAnd &amp#27;[0m&amp#27;[36mclicar no botÃ£o login&amp#27;[0m
  &amp#27;[36mThen &amp#27;[0m&amp#27;[36mlogado com sucesso&amp#27;[0m
]]></system-out>
  </testcase>
  <testcase name="Realizar login com usuário bloqueado" classname="Acessar site" time="0.021">
    <error message="The step &apos;acesse o site do sauce demo&apos; and 3 other step(s) are undefined.&#10;You can implement these steps using the snippet(s) below:&#10;&#10;@Given(&quot;acesse o site do sauce demo&quot;)&#10;public void acesseOSiteDoSauceDemo() {&#10;    // Write code here that turns the phrase above into concrete actions&#10;    throw new io.cucumber.java.PendingException();&#10;}&#10;@When(&quot;preencher dados com usuário bloqueado&quot;)&#10;public void preencherDadosComUsuárioBloqueado() {&#10;    // Write code here that turns the phrase above into concrete actions&#10;    throw new io.cucumber.java.PendingException();&#10;}&#10;@When(&quot;clicar no botão login&quot;)&#10;public void clicarNoBotãoLogin() {&#10;    // Write code here that turns the phrase above into concrete actions&#10;    throw new io.cucumber.java.PendingException();&#10;}&#10;@Then(&quot;recebo mensagem de erro&quot;)&#10;public void receboMensagemDeErro() {&#10;    // Write code here that turns the phrase above into concrete actions&#10;    throw new io.cucumber.java.PendingException();&#10;}&#10;" type="io.cucumber.junit.UndefinedStepException"><![CDATA[io.cucumber.junit.UndefinedStepException: 
The step 'acesse o site do sauce demo' and 3 other step(s) are undefined.
You can implement these steps using the snippet(s) below:

@Given("acesse o site do sauce demo")
public void acesseOSiteDoSauceDemo() {
    // Write code here that turns the phrase above into concrete actions
    throw new io.cucumber.java.PendingException();
}
@When("preencher dados com usuário bloqueado")
public void preencherDadosComUsuárioBloqueado() {
    // Write code here that turns the phrase above into concrete actions
    throw new io.cucumber.java.PendingException();
}
@When("clicar no botão login")
public void clicarNoBotãoLogin() {
    // Write code here that turns the phrase above into concrete actions
    throw new io.cucumber.java.PendingException();
}
@Then("recebo mensagem de erro")
public void receboMensagemDeErro() {
    // Write code here that turns the phrase above into concrete actions
    throw new io.cucumber.java.PendingException();
}

]]></error>
    <system-out><![CDATA[
@Login @negativo @bloqueado
Scenario: Realizar login com usuÃ¡rio bloqueado &amp#27;[90m# src/test/resources/features/login.feature:18&amp#27;[0m
  &amp#27;[33mGiven &amp#27;[0m&amp#27;[33macesse o site do sauce demo&amp#27;[0m
  &amp#27;[36mWhen &amp#27;[0m&amp#27;[36mpreencher dados com usuÃ¡rio bloqueado&amp#27;[0m
  &amp#27;[36mAnd &amp#27;[0m&amp#27;[36mclicar no botÃ£o login&amp#27;[0m
  &amp#27;[36mThen &amp#27;[0m&amp#27;[36mrecebo mensagem de erro&amp#27;[0m
]]></system-out>
  </testcase>
  <testcase name="Realizar login em branco" classname="Acessar site" time="0.018">
    <error message="The step &apos;acesse o site do sauce demo&apos; and 3 other step(s) are undefined.&#10;You can implement these steps using the snippet(s) below:&#10;&#10;@Given(&quot;acesse o site do sauce demo&quot;)&#10;public void acesseOSiteDoSauceDemo() {&#10;    // Write code here that turns the phrase above into concrete actions&#10;    throw new io.cucumber.java.PendingException();&#10;}&#10;@When(&quot;não preencher os dados de usuário&quot;)&#10;public void nãoPreencherOsDadosDeUsuário() {&#10;    // Write code here that turns the phrase above into concrete actions&#10;    throw new io.cucumber.java.PendingException();&#10;}&#10;@When(&quot;clicar no botão login&quot;)&#10;public void clicarNoBotãoLogin() {&#10;    // Write code here that turns the phrase above into concrete actions&#10;    throw new io.cucumber.java.PendingException();&#10;}&#10;@Then(&quot;recebo mensagem de dados em branco&quot;)&#10;public void receboMensagemDeDadosEmBranco() {&#10;    // Write code here that turns the phrase above into concrete actions&#10;    throw new io.cucumber.java.PendingException();&#10;}&#10;" type="io.cucumber.junit.UndefinedStepException"><![CDATA[io.cucumber.junit.UndefinedStepException: 
The step 'acesse o site do sauce demo' and 3 other step(s) are undefined.
You can implement these steps using the snippet(s) below:

@Given("acesse o site do sauce demo")
public void acesseOSiteDoSauceDemo() {
    // Write code here that turns the phrase above into concrete actions
    throw new io.cucumber.java.PendingException();
}
@When("não preencher os dados de usuário")
public void nãoPreencherOsDadosDeUsuário() {
    // Write code here that turns the phrase above into concrete actions
    throw new io.cucumber.java.PendingException();
}
@When("clicar no botão login")
public void clicarNoBotãoLogin() {
    // Write code here that turns the phrase above into concrete actions
    throw new io.cucumber.java.PendingException();
}
@Then("recebo mensagem de dados em branco")
public void receboMensagemDeDadosEmBranco() {
    // Write code here that turns the phrase above into concrete actions
    throw new io.cucumber.java.PendingException();
}

]]></error>
    <system-out><![CDATA[
@Login @negativo
Scenario: Realizar login em branco        &amp#27;[90m# src/test/resources/features/login.feature:24&amp#27;[0m
  &amp#27;[33mGiven &amp#27;[0m&amp#27;[33macesse o site do sauce demo&amp#27;[0m
  &amp#27;[36mWhen &amp#27;[0m&amp#27;[36mnÃ£o preencher os dados de usuÃ¡rio&amp#27;[0m
  &amp#27;[36mAnd &amp#27;[0m&amp#27;[36mclicar no botÃ£o login&amp#27;[0m
  &amp#27;[36mThen &amp#27;[0m&amp#27;[36mrecebo mensagem de dados em branco&amp#27;[0m
]]></system-out>
  </testcase>
</testsuite>